<?xml version="1.0" encoding="UTF-8"?>
<!-- Generated by org.testng.reporters.JUnitReportReporter -->
<testsuite hostname="SB070E" name="adressbook.training.tests.AddObjects" tests="1" failures="0" timestamp="8 Apr 2015 06:46:26 GMT" time="1.560" errors="0">
  <testcase name="addGroup" time="1.560" classname="adressbook.training.tests.AddObjects"/>
</testsuite> <!-- adressbook.training.tests.AddObjects -->
